c:\users\huahai\desktop\mini3d-copy\mini3d-copy\debug\vc120.pdb
c:\users\huahai\desktop\mini3d-copy\mini3d-copy\debug\vc120.idb
c:\users\huahai\desktop\mini3d-copy\mini3d-copy\debug\math.obj
c:\users\huahai\desktop\mini3d-copy\mini3d-copy\debug\matrix_t.obj
c:\users\huahai\desktop\mini3d-copy\mini3d-copy\debug\mini3d.obj
c:\users\huahai\desktop\mini3d-copy\mini3d-copy\debug\point_t.obj
c:\users\huahai\desktop\mini3d-copy\mini3d-copy\debug\vector_t.obj
c:\users\huahai\desktop\mini3d-copy\mini3d-copy\debug\color_t.obj
c:\users\huahai\desktop\mini3d-copy\mini3d-copy\debug\device_t.obj
c:\users\huahai\desktop\mini3d-copy\mini3d-copy\debug\edge_t.obj
c:\users\huahai\desktop\mini3d-copy\mini3d-copy\debug\mini3dmath.obj
c:\users\huahai\desktop\mini3d-copy\mini3d-copy\debug\scanline_t.obj
c:\users\huahai\desktop\mini3d-copy\mini3d-copy\debug\texturecoord_t.obj
c:\users\huahai\desktop\mini3d-copy\mini3d-copy\debug\transform_t.obj
c:\users\huahai\desktop\mini3d-copy\mini3d-copy\debug\vertex_t.obj
c:\users\huahai\desktop\mini3d-copy\mini3d-copy\debug\trapezoid_t.obj
c:\users\huahai\desktop\mini3d-copy\mini3d-copy\debug\logic.obj
c:\users\huahai\desktop\mini3d-copy\debug\mini3d-copy.ilk
c:\users\huahai\desktop\mini3d-copy\debug\mini3d-copy.exe
c:\users\huahai\desktop\mini3d-copy\debug\mini3d-copy.pdb
c:\users\huahai\desktop\mini3d-copy\mini3d-copy\debug\mini3d-copy.tlog\cl.command.1.tlog
c:\users\huahai\desktop\mini3d-copy\mini3d-copy\debug\mini3d-copy.tlog\cl.read.1.tlog
c:\users\huahai\desktop\mini3d-copy\mini3d-copy\debug\mini3d-copy.tlog\cl.write.1.tlog
c:\users\huahai\desktop\mini3d-copy\mini3d-copy\debug\mini3d-copy.tlog\link.32924-cvtres.read.1.tlog
c:\users\huahai\desktop\mini3d-copy\mini3d-copy\debug\mini3d-copy.tlog\link.32924-cvtres.write.1.tlog
c:\users\huahai\desktop\mini3d-copy\mini3d-copy\debug\mini3d-copy.tlog\link.32924-rc.read.1.tlog
c:\users\huahai\desktop\mini3d-copy\mini3d-copy\debug\mini3d-copy.tlog\link.32924-rc.write.1.tlog
c:\users\huahai\desktop\mini3d-copy\mini3d-copy\debug\mini3d-copy.tlog\link.32924.read.1.tlog
c:\users\huahai\desktop\mini3d-copy\mini3d-copy\debug\mini3d-copy.tlog\link.32924.write.1.tlog
c:\users\huahai\desktop\mini3d-copy\mini3d-copy\debug\mini3d-copy.tlog\link.command.1.tlog
c:\users\huahai\desktop\mini3d-copy\mini3d-copy\debug\mini3d-copy.tlog\link.read.1.tlog
c:\users\huahai\desktop\mini3d-copy\mini3d-copy\debug\mini3d-copy.tlog\link.write.1.tlog
